#
# A fatal error has been detected by the Java Runtime Environment:
#
#  SIGSEGV (0xb) at pc=0xb36a1f36, pid=15828, tid=3059116864
#
# JRE version: OpenJDK Runtime Environment (7.0_91-b02) (build 1.7.0_91-b02)
# Java VM: OpenJDK Server VM (24.91-b01 mixed mode linux-x86 )
# Derivative: IcedTea 2.6.3
# Distribution: Ubuntu 14.04 LTS, package 7u91-2.6.3-0ubuntu0.14.04.1
# Problematic frame:
# J 943 C2 com.android.dx.dex.code.form.Form35c.wordCount(Lcom/android/dx/rop/code/RegisterSpecList;)I (74 bytes) @ 0xb36a1f36 [0xb36a1ea0+0x96]
#
# Failed to write core dump. Core dumps have been disabled. To enable core dumping, try "ulimit -c unlimited" before starting Java again
#
# If you would like to submit a bug report, please include
# instructions on how to reproduce the bug and visit:
#   http://icedtea.classpath.org/bugzilla
#

---------------  T H R E A D  ---------------

Current thread (0xb6407c00):  JavaThread "main" [_thread_in_Java, id=15832, stack(0xb6516000,0xb6567000)]

siginfo:si_signo=SIGSEGV: si_errno=0, si_code=1 (SEGV_MAPERR), si_addr=0x3510699c

Registers:
EAX=0x00000005, EBX=0x00000000, ECX=0x00000005, EDX=0x35106998
ESP=0xb6565c20, EBP=0x75764708, ESI=0xffffffff, EDI=0x00000000
EIP=0xb36a1f36, EFLAGS=0x00010293, CR2=0x3510699c

Top of Stack: (sp=0xb6565c20)
0xb6565c20:   b3390a48 b3397da2 b6408324 b6b63e48
0xb6565c30:   b70fa000 b6408324 b6407c00 b6b613c3
0xb6565c40:   b6565c94 b6408324 b6565c84 b33914cf
0xb6565c50:   9e65ddf8 b6565c54 6b70aed4 b33914cf
0xb6565c60:   75764708 b6565c64 6b67c43d b6565ca4
0xb6565c70:   6b67c758 6b721b14 6b67c518 b6565c60
0xb6565c80:   b6565ca4 b6565cc8 b339151a 00000000
0xb6565c90:   00000000 00000000 00000000 00000000 

Instructions: (pc=0xb36a1f36)
0xb36a1f16:   71 b7 c3 8b 55 0c 8b 04 24 8b 74 24 04 8b 7c 24
0xb36a1f26:   0c 8b 4a 08 3b d9 0f 83 de 00 00 00 8b 54 9a 0c
0xb36a1f36:   8b 4a 04 81 f9 b0 fe 60 6b 0f 85 10 01 00 00 89
0xb36a1f46:   7c 24 0c 89 5c 24 08 89 74 24 04 89 04 24 8b 4a 

Register to memory mapping:

EAX=0x00000005 is an unknown value
EBX=0x00000000 is an unknown value
ECX=0x00000005 is an unknown value
EDX=0x35106998 is an unknown value
ESP=0xb6565c20 is pointing into the stack for thread: 0xb6407c00
EBP=0x75764708 is an oop
com.android.dx.rop.code.RegisterSpecList 
 - klass: 'com/android/dx/rop/code/RegisterSpecList'
ESI=0xffffffff is an unknown value
EDI=0x00000000 is an unknown value


Stack: [0xb6516000,0xb6567000],  sp=0xb6565c20,  free space=319k
Native frames: (J=compiled Java code, j=interpreted, Vv=VM code, C=native code)
J 943 C2 com.android.dx.dex.code.form.Form35c.wordCount(Lcom/android/dx/rop/code/RegisterSpecList;)I (74 bytes) @ 0xb36a1f36 [0xb36a1ea0+0x96]
j  com.android.dx.dex.code.form.Form35c.explicitize(Lcom/android/dx/rop/code/RegisterSpecList;)Lcom/android/dx/rop/code/RegisterSpecList;+1
j  com.android.dx.dex.code.form.Form35c.writeTo(Lcom/android/dx/util/AnnotatedOutput;Lcom/android/dx/dex/code/DalvInsn;)V+12
j  com.android.dx.dex.code.FixedSizeInsn.writeTo(Lcom/android/dx/util/AnnotatedOutput;)V+9
j  com.android.dx.dex.code.DalvInsnList.writeTo(Lcom/android/dx/util/AnnotatedOutput;)V+152
j  com.android.dx.dex.file.CodeItem.writeCodes(Lcom/android/dx/dex/file/DexFile;Lcom/android/dx/util/AnnotatedOutput;)V+10
j  com.android.dx.dex.file.CodeItem.writeTo0(Lcom/android/dx/dex/file/DexFile;Lcom/android/dx/util/AnnotatedOutput;)V+413
j  com.android.dx.dex.file.OffsettedItem.writeTo(Lcom/android/dx/dex/file/DexFile;Lcom/android/dx/util/AnnotatedOutput;)V+68
j  com.android.dx.dex.file.MixedItemSection.writeTo0(Lcom/android/dx/util/AnnotatedOutput;)V+119
j  com.android.dx.dex.file.Section.writeTo(Lcom/android/dx/util/AnnotatedOutput;)V+155
j  com.android.dx.dex.file.DexFile.toDex0(ZZ)Lcom/android/dx/util/ByteArrayAnnotatedOutput;+369
j  com.android.dx.dex.file.DexFile.toDex(Ljava/io/Writer;Z)[B+13
j  com.android.dx.command.dexer.Main.writeDex(Lcom/android/dx/dex/file/DexFile;)[B+44
j  com.android.dx.command.dexer.Main.runMonoDex()I+106
j  com.android.dx.command.dexer.Main.run(Lcom/android/dx/command/dexer/Main$Arguments;)I+76
j  com.android.dx.command.dexer.Main.main([Ljava/lang/String;)V+14
j  com.android.dx.command.Main.main([Ljava/lang/String;)V+61
v  ~StubRoutines::call_stub
V  [libjvm.so+0x4b60b6]  JavaCalls::call_helper(JavaValue*, methodHandle*, JavaCallArguments*, Thread*)+0x386


---------------  P R O C E S S  ---------------

Java Threads: ( => current thread )
  0x67b9bc00 JavaThread "Service Thread" daemon [_thread_blocked, id=15850, stack(0x6742b000,0x6747c000)]
  0x67b9a000 JavaThread "C2 CompilerThread1" daemon [_thread_in_native, id=15849, stack(0x6747c000,0x674fd000)]
  0x67b98000 JavaThread "C2 CompilerThread0" daemon [_thread_in_native, id=15848, stack(0x674fd000,0x6757e000)]
  0x67b96400 JavaThread "Signal Dispatcher" daemon [_thread_blocked, id=15847, stack(0x6757e000,0x675cf000)]
  0x67b84800 JavaThread "Finalizer" daemon [_thread_blocked, id=15846, stack(0x6a82e000,0x6a87f000)]
  0x67b83000 JavaThread "Reference Handler" daemon [_thread_blocked, id=15845, stack(0x6aa2e000,0x6aa7f000)]
=>0xb6407c00 JavaThread "main" [_thread_in_Java, id=15832, stack(0xb6516000,0xb6567000)]

Other Threads:
  0x67b80400 VMThread [stack: 0x67c4d000,0x67cce000] [id=15842]
  0x67b9d800 WatcherThread [stack: 0x673aa000,0x6742b000] [id=15851]

VM state:not at safepoint (normal execution)

VM Mutex/Monitor currently owned by a thread: None

Heap
 PSYoungGen      total 150784K, used 10054K [0x9dd40000, 0xae1c0000, 0xb32c0000)
  eden space 128512K, 7% used [0x9dd40000,0x9e711bf0,0xa5ac0000)
  from space 22272K, 0% used [0xa5ac0000,0xa5ac0000,0xa7080000)
  to   space 30464K, 0% used [0xac400000,0xac400000,0xae1c0000)
 ParOldGen       total 78848K, used 42171K [0x732c0000, 0x77fc0000, 0x9dd40000)
  object space 78848K, 53% used [0x732c0000,0x75beec38,0x77fc0000)
 PSPermGen       total 16384K, used 4488K [0x6b2c0000, 0x6c2c0000, 0x732c0000)
  object space 16384K, 27% used [0x6b2c0000,0x6b7221b0,0x6c2c0000)

Card table byte_map: [0x6b07f000,0x6b2c0000] byte_map_base: 0x6ad25a00

Polling page: 0xb771b000

Code Cache  [0xb338e000, 0xb36fe000, 0xb638e000)
 total_blobs=1127 nmethods=1004 adapters=76 free_code_cache=45697Kb largest_free_block=46757824

Compilation events (10 events):
Event: 28,393 Thread 0x67b98000 nmethod 1026 0xb36e9c88 code [0xb36e9d80, 0xb36e9e10]
Event: 28,393 Thread 0x67b98000 1027             com.android.dx.dex.file.Section::getAbsoluteOffset (38 bytes)
Event: 28,393 Thread 0x67b98000 nmethod 1027 0xb36f0fc8 code [0xb36f10c0, 0xb36f1150]
Event: 28,393 Thread 0x67b98000 1028             com.android.dx.util.ByteArrayAnnotatedOutput::writeInt (90 bytes)
Event: 28,395 Thread 0x67b98000 nmethod 1028 0xb36f0bc8 code [0xb36f0cc0, 0xb36f0df0]
Event: 28,395 Thread 0x67b98000 1029             com.android.dx.rop.cst.CstFieldRef::getType (8 bytes)
Event: 28,396 Thread 0x67b98000 nmethod 1029 0xb36eaa08 code [0xb36eab00, 0xb36eab7c]
Event: 28,396 Thread 0x67b98000 1030             com.android.dx.util.ByteArrayAnnotatedOutput::alignTo (69 bytes)
Event: 28,403 Thread 0x67b98000 nmethod 1030 0xb36ea708 code [0xb36ea800, 0xb36ea8f0]
Event: 28,403 Thread 0x67b98000 1031             com.android.dx.dex.file.UniformItemSection::writeTo0 (61 bytes)

GC Heap History (10 events):
Event: 8,214 GC heap before
{Heap before GC invocations=6 (full 0):
 PSYoungGen      total 36352K, used 36346K [0x9dd40000, 0xa3540000, 0xb32c0000)
  eden space 33792K, 100% used [0x9dd40000,0x9fe40000,0x9fe40000)
  from space 2560K, 99% used [0x9fe40000,0xa00beb70,0xa00c0000)
  to   space 11264K, 0% used [0xa2a40000,0xa2a40000,0xa3540000)
 ParOldGen       total 43520K, used 19006K [0x732c0000, 0x75d40000, 0x9dd40000)
  object space 43520K, 43% used [0x732c0000,0x7454fa90,0x75d40000)
 PSPermGen       total 16384K, used 4205K [0x6b2c0000, 0x6c2c0000, 0x732c0000)
  object space 16384K, 25% used [0x6b2c0000,0x6b6db588,0x6c2c0000)
Event: 8,263 GC heap after
Heap after GC invocations=6 (full 0):
 PSYoungGen      total 78080K, used 9036K [0x9dd40000, 0xa36c0000, 0xb32c0000)
  eden space 66816K, 0% used [0x9dd40000,0x9dd40000,0xa1e80000)
  from space 11264K, 80% used [0xa2a40000,0xa3313060,0xa3540000)
  to   space 12032K, 0% used [0xa1e80000,0xa1e80000,0xa2a40000)
 ParOldGen       total 43520K, used 19006K [0x732c0000, 0x75d40000, 0x9dd40000)
  object space 43520K, 43% used [0x732c0000,0x7454fa90,0x75d40000)
 PSPermGen       total 16384K, used 4205K [0x6b2c0000, 0x6c2c0000, 0x732c0000)
  object space 16384K, 25% used [0x6b2c0000,0x6b6db588,0x6c2c0000)
}
Event: 11,061 GC heap before
{Heap before GC invocations=7 (full 0):
 PSYoungGen      total 78080K, used 75852K [0x9dd40000, 0xa36c0000, 0xb32c0000)
  eden space 66816K, 100% used [0x9dd40000,0xa1e80000,0xa1e80000)
  from space 11264K, 80% used [0xa2a40000,0xa3313060,0xa3540000)
  to   space 12032K, 0% used [0xa1e80000,0xa1e80000,0xa2a40000)
 ParOldGen       total 43520K, used 19006K [0x732c0000, 0x75d40000, 0x9dd40000)
  object space 43520K, 43% used [0x732c0000,0x7454fa90,0x75d40000)
 PSPermGen       total 16384K, used 4228K [0x6b2c0000, 0x6c2c0000, 0x732c0000)
  object space 16384K, 25% used [0x6b2c0000,0x6b6e10d8,0x6c2c0000)
Event: 11,161 GC heap after
Heap after GC invocations=7 (full 0):
 PSYoungGen      total 78848K, used 12030K [0x9dd40000, 0xa8140000, 0xb32c0000)
  eden space 66816K, 0% used [0x9dd40000,0x9dd40000,0xa1e80000)
  from space 12032K, 99% used [0xa1e80000,0xa2a3faa8,0xa2a40000)
  to   space 17152K, 0% used [0xa7080000,0xa7080000,0xa8140000)
 ParOldGen       total 43520K, used 25474K [0x732c0000, 0x75d40000, 0x9dd40000)
  object space 43520K, 58% used [0x732c0000,0x74ba09f8,0x75d40000)
 PSPermGen       total 16384K, used 4228K [0x6b2c0000, 0x6c2c0000, 0x732c0000)
  object space 16384K, 25% used [0x6b2c0000,0x6b6e10d8,0x6c2c0000)
}
Event: 14,025 GC heap before
{Heap before GC invocations=8 (full 0):
 PSYoungGen      total 78848K, used 78846K [0x9dd40000, 0xa8140000, 0xb32c0000)
  eden space 66816K, 100% used [0x9dd40000,0xa1e80000,0xa1e80000)
  from space 12032K, 99% used [0xa1e80000,0xa2a3faa8,0xa2a40000)
  to   space 17152K, 0% used [0xa7080000,0xa7080000,0xa8140000)
 ParOldGen       total 43520K, used 25474K [0x732c0000, 0x75d40000, 0x9dd40000)
  object space 43520K, 58% used [0x732c0000,0x74ba09f8,0x75d40000)
 PSPermGen       total 16384K, used 4246K [0x6b2c0000, 0x6c2c0000, 0x732c0000)
  object space 16384K, 25% used [0x6b2c0000,0x6b6e59f8,0x6c2c0000)
Event: 14,134 GC heap after
Heap after GC invocations=8 (full 0):
 PSYoungGen      total 145664K, used 17142K [0x9dd40000, 0xa8b40000, 0xb32c0000)
  eden space 128512K, 0% used [0x9dd40000,0x9dd40000,0xa5ac0000)
  from space 17152K, 99% used [0xa7080000,0xa813da20,0xa8140000)
  to   space 22272K, 0% used [0xa5ac0000,0xa5ac0000,0xa7080000)
 ParOldGen       total 43520K, used 30735K [0x732c0000, 0x75d40000, 0x9dd40000)
  object space 43520K, 70% used [0x732c0000,0x750c3f20,0x75d40000)
 PSPermGen       total 16384K, used 4246K [0x6b2c0000, 0x6c2c0000, 0x732c0000)
  object space 16384K, 25% used [0x6b2c0000,0x6b6e59f8,0x6c2c0000)
}
Event: 26,360 GC heap before
{Heap before GC invocations=9 (full 0):
 PSYoungGen      total 145664K, used 145654K [0x9dd40000, 0xa8b40000, 0xb32c0000)
  eden space 128512K, 100% used [0x9dd40000,0xa5ac0000,0xa5ac0000)
  from space 17152K, 99% used [0xa7080000,0xa813da20,0xa8140000)
  to   space 22272K, 0% used [0xa5ac0000,0xa5ac0000,0xa7080000)
 ParOldGen       total 43520K, used 30735K [0x732c0000, 0x75d40000, 0x9dd40000)
  object space 43520K, 70% used [0x732c0000,0x750c3f20,0x75d40000)
 PSPermGen       total 16384K, used 4429K [0x6b2c0000, 0x6c2c0000, 0x732c0000)
  object space 16384K, 27% used [0x6b2c0000,0x6b713620,0x6c2c0000)
Event: 26,462 GC heap after
Heap after GC invocations=9 (full 0):
 PSYoungGen      total 150784K, used 22262K [0x9dd40000, 0xae1c0000, 0xb32c0000)
  eden space 128512K, 0% used [0x9dd40000,0x9dd40000,0xa5ac0000)
  from space 22272K, 99% used [0xa5ac0000,0xa707db20,0xa7080000)
  to   space 30464K, 0% used [0xac400000,0xac400000,0xae1c0000)
 ParOldGen       total 43520K, used 42140K [0x732c0000, 0x75d40000, 0x9dd40000)
  object space 43520K, 96% used [0x732c0000,0x75be71d0,0x75d40000)
 PSPermGen       total 16384K, used 4429K [0x6b2c0000, 0x6c2c0000, 0x732c0000)
  object space 16384K, 27% used [0x6b2c0000,0x6b713620,0x6c2c0000)
}
Event: 26,462 GC heap before
{Heap before GC invocations=10 (full 1):
 PSYoungGen      total 150784K, used 22262K [0x9dd40000, 0xae1c0000, 0xb32c0000)
  eden space 128512K, 0% used [0x9dd40000,0x9dd40000,0xa5ac0000)
  from space 22272K, 99% used [0xa5ac0000,0xa707db20,0xa7080000)
  to   space 30464K, 0% used [0xac400000,0xac400000,0xae1c0000)
 ParOldGen       total 43520K, used 42140K [0x732c0000, 0x75d40000, 0x9dd40000)
  object space 43520K, 96% used [0x732c0000,0x75be71d0,0x75d40000)
 PSPermGen       total 16384K, used 4429K [0x6b2c0000, 0x6c2c0000, 0x732c0000)
  object space 16384K, 27% used [0x6b2c0000,0x6b713620,0x6c2c0000)
Event: 27,103 GC heap after
Heap after GC invocations=10 (full 1):
 PSYoungGen      total 150784K, used 0K [0x9dd40000, 0xae1c0000, 0xb32c0000)
  eden space 128512K, 0% used [0x9dd40000,0x9dd40000,0xa5ac0000)
  from space 22272K, 0% used [0xa5ac0000,0xa5ac0000,0xa7080000)
  to   space 30464K, 0% used [0xac400000,0xac400000,0xae1c0000)
 ParOldGen       total 78848K, used 42171K [0x732c0000, 0x77fc0000, 0x9dd40000)
  object space 78848K, 53% used [0x732c0000,0x75beec38,0x77fc0000)
 PSPermGen       total 16384K, used 4426K [0x6b2c0000, 0x6c2c0000, 0x732c0000)
  object space 16384K, 27% used [0x6b2c0000,0x6b712bf0,0x6c2c0000)
}

Deoptimization events (10 events):
Event: 10,424 Thread 0xb6407c00 Uncommon trap: reason=unstable_if action=reinterpret pc=0xb34a22e4 method=com.android.dx.cf.code.Ropper.processBlock(Lcom/android/dx/cf/code/ByteBlock;Lcom/android/dx/cf/code/Frame;[I)V @ 513
Event: 14,506 Thread 0xb6407c00 Uncommon trap: reason=null_check action=make_not_entrant pc=0xb34da814 method=com.android.dx.rop.type.Type.putIntern(Lcom/android/dx/rop/type/Type;)Lcom/android/dx/rop/type/Type; @ 18
Event: 14,582 Thread 0x6725b400 Uncommon trap: reason=unstable_if action=reinterpret pc=0xb344a714 method=com.android.dx.ssa.Dominators.run()V @ 346
Event: 16,562 Thread 0x6725c800 Uncommon trap: reason=null_check action=make_not_entrant pc=0xb3506294 method=com.android.dx.rop.cst.CstType.intern(Lcom/android/dx/rop/type/Type;)Lcom/android/dx/rop/cst/CstType; @ 13
Event: 23,112 Thread 0xb6407c00 Uncommon trap: reason=unstable_if action=reinterpret pc=0xb343f154 method=com.android.dx.rop.code.RegisterSpecSet.equals(Ljava/lang/Object;)Z @ 30
Event: 24,457 Thread 0xb6407c00 Uncommon trap: reason=unstable_if action=reinterpret pc=0xb3481940 method=java.util.TreeMap.put(Ljava/lang/Object;Ljava/lang/Object;)Ljava/lang/Object; @ 163
Event: 26,213 Thread 0xb6407c00 Uncommon trap: reason=predicate action=maybe_recompile pc=0xb365129c method=java.util.ComparableTimSort.binarySort([Ljava/lang/Object;III)V @ 37
Event: 27,359 Thread 0xb6407c00 Uncommon trap: reason=unstable_if action=reinterpret pc=0xb3505df4 method=com.android.dx.dex.code.LocalList$MakeState.filterSpec(Lcom/android/dx/rop/code/RegisterSpec;)Lcom/android/dx/rop/code/RegisterSpec; @ 11
Event: 27,426 Thread 0xb6407c00 Uncommon trap: reason=unstable_if action=reinterpret pc=0xb36a4de0 method=com.android.dx.dex.code.LocalList$MakeState.filterSpec(Lcom/android/dx/rop/code/RegisterSpec;)Lcom/android/dx/rop/code/RegisterSpec; @ 11
Event: 28,007 Thread 0xb6407c00 Uncommon trap: reason=unstable_if action=reinterpret pc=0xb36ceca4 method=com.android.dx.util.ByteArrayAnnotatedOutput.writeByte(I)V @ 13

Internal exceptions (10 events):
Event: 23,176 Thread 0xb6407c00 Threw 0xa5314790 at /build/openjdk-7-8Khev_/openjdk-7-7u91-2.6.3/build/openjdk/hotspot/src/share/vm/prims/jvm.cpp:1322
Event: 23,177 Thread 0xb6407c00 Threw 0xa5317f00 at /build/openjdk-7-8Khev_/openjdk-7-7u91-2.6.3/build/openjdk/hotspot/src/share/vm/prims/jvm.cpp:1322
Event: 23,246 Thread 0xb6407c00 Threw 0xa5341cf0 at /build/openjdk-7-8Khev_/openjdk-7-7u91-2.6.3/build/openjdk/hotspot/src/share/vm/prims/jvm.cpp:1322
Event: 27,498 Thread 0xb6407c00 Threw 0x9df8b1d8 at /build/openjdk-7-8Khev_/openjdk-7-7u91-2.6.3/build/openjdk/hotspot/src/share/vm/prims/jvm.cpp:1322
Event: 27,500 Thread 0xb6407c00 Threw 0x9df97448 at /build/openjdk-7-8Khev_/openjdk-7-7u91-2.6.3/build/openjdk/hotspot/src/share/vm/prims/jvm.cpp:1322
Event: 27,500 Thread 0xb6407c00 Threw 0x9df9a6c0 at /build/openjdk-7-8Khev_/openjdk-7-7u91-2.6.3/build/openjdk/hotspot/src/share/vm/prims/jvm.cpp:1322
Event: 27,956 Thread 0xb6407c00 Threw 0x9e4de0c0 at /build/openjdk-7-8Khev_/openjdk-7-7u91-2.6.3/build/openjdk/hotspot/src/share/vm/prims/jvm.cpp:1322
Event: 27,996 Thread 0xb6407c00 Threw 0x9e652c18 at /build/openjdk-7-8Khev_/openjdk-7-7u91-2.6.3/build/openjdk/hotspot/src/share/vm/prims/jvm.cpp:1322
Event: 27,997 Thread 0xb6407c00 Threw 0x9e658720 at /build/openjdk-7-8Khev_/openjdk-7-7u91-2.6.3/build/openjdk/hotspot/src/share/vm/prims/jvm.cpp:1322
Event: 28,006 Thread 0xb6407c00 Threw 0x9e65e840 at /build/openjdk-7-8Khev_/openjdk-7-7u91-2.6.3/build/openjdk/hotspot/src/share/vm/prims/jvm.cpp:1322

Events (10 events):
Event: 27,956 loading class 0x67a0e780 done
Event: 27,996 loading class 0x6720cdd0
Event: 27,996 loading class 0x6720cdd0 done
Event: 27,997 loading class 0x6720f050
Event: 27,997 loading class 0x6720f050 done
Event: 28,006 loading class 0x67bfae78
Event: 28,006 loading class 0x67bfae78 done
Event: 28,007 Thread 0xb6407c00 Uncommon trap: trap_request=0xffffff75 fr.pc=0xb36ceca4
Event: 28,007 Thread 0xb6407c00 DEOPT PACKING pc=0xb36ceca4 sp=0xb6565db0
Event: 28,007 Thread 0xb6407c00 DEOPT UNPACKING pc=0xb33babc8 sp=0xb6565dac mode 2


Dynamic libraries:
08048000-08049000 r-xp 00000000 08:05 2634862    /usr/lib/jvm/java-7-openjdk-i386/jre/bin/java
08049000-0804a000 r--p 00000000 08:05 2634862    /usr/lib/jvm/java-7-openjdk-i386/jre/bin/java
0804a000-0804b000 rw-p 00001000 08:05 2634862    /usr/lib/jvm/java-7-openjdk-i386/jre/bin/java
096ed000-09720000 rw-p 00000000 00:00 0          [heap]
64800000-6486b000 rw-p 00000000 00:00 0 
6486b000-64900000 ---p 00000000 00:00 0 
64a00000-64af9000 rw-p 00000000 00:00 0 
64af9000-64b00000 ---p 00000000 00:00 0 
64b00000-64c00000 rw-p 00000000 00:00 0 
64c00000-64cd0000 rw-p 00000000 00:00 0 
64cd0000-64d00000 ---p 00000000 00:00 0 
64e98000-65000000 rw-p 00000000 00:00 0 
65000000-650fb000 rw-p 00000000 00:00 0 
650fb000-65100000 ---p 00000000 00:00 0 
65200000-652f9000 rw-p 00000000 00:00 0 
652f9000-65300000 ---p 00000000 00:00 0 
65300000-653f6000 rw-p 00000000 00:00 0 
653f6000-65400000 ---p 00000000 00:00 0 
65400000-654f4000 rw-p 00000000 00:00 0 
654f4000-65500000 ---p 00000000 00:00 0 
65500000-655fc000 rw-p 00000000 00:00 0 
655fc000-65600000 ---p 00000000 00:00 0 
65600000-656f4000 rw-p 00000000 00:00 0 
656f4000-65700000 ---p 00000000 00:00 0 
65700000-657f1000 rw-p 00000000 00:00 0 
657f1000-65800000 ---p 00000000 00:00 0 
65800000-658f1000 rw-p 00000000 00:00 0 
658f1000-65900000 ---p 00000000 00:00 0 
65900000-659ff000 rw-p 00000000 00:00 0 
659ff000-65a00000 ---p 00000000 00:00 0 
65a00000-65aff000 rw-p 00000000 00:00 0 
65aff000-65b00000 ---p 00000000 00:00 0 
65b00000-65bfe000 rw-p 00000000 00:00 0 
65bfe000-65c00000 ---p 00000000 00:00 0 
65c00000-65cd7000 rw-p 00000000 00:00 0 
65cd7000-65d00000 ---p 00000000 00:00 0 
65d00000-65de8000 rw-p 00000000 00:00 0 
65de8000-65e00000 ---p 00000000 00:00 0 
65e00000-65eea000 rw-p 00000000 00:00 0 
65eea000-65f00000 ---p 00000000 00:00 0 
66000000-66100000 rw-p 00000000 00:00 0 
66200000-66300000 rw-p 00000000 00:00 0 
66400000-664fd000 rw-p 00000000 00:00 0 
664fd000-66500000 ---p 00000000 00:00 0 
66600000-666ff000 rw-p 00000000 00:00 0 
666ff000-66700000 ---p 00000000 00:00 0 
66800000-668c6000 rw-p 00000000 00:00 0 
668c6000-66900000 ---p 00000000 00:00 0 
66900000-669f8000 rw-p 00000000 00:00 0 
669f8000-66a00000 ---p 00000000 00:00 0 
66a00000-66afe000 rw-p 00000000 00:00 0 
66afe000-66b00000 ---p 00000000 00:00 0 
66c00000-66d00000 rw-p 00000000 00:00 0 
66d35000-66dde000 rw-p 00000000 00:00 0 
66dde000-66de1000 ---p 00000000 00:00 0 
66de1000-66e2f000 rw-p 00000000 00:00 0 
66e2f000-66e32000 ---p 00000000 00:00 0 
66e32000-66e80000 rw-p 00000000 00:00 0 
66e80000-66e83000 ---p 00000000 00:00 0 
66e83000-66ed1000 rw-p 00000000 00:00 0 
66ed1000-66ed4000 ---p 00000000 00:00 0 
66ed4000-66f22000 rw-p 00000000 00:00 0 
66f22000-66f25000 ---p 00000000 00:00 0 
66f25000-66f73000 rw-p 00000000 00:00 0 
66f73000-6707d000 r-xp 00000000 08:05 1704984    /lib/i386-linux-gnu/libglib-2.0.so.0.4002.0
6707d000-6707e000 r--p 00109000 08:05 1704984    /lib/i386-linux-gnu/libglib-2.0.so.0.4002.0
6707e000-6707f000 rw-p 0010a000 08:05 1704984    /lib/i386-linux-gnu/libglib-2.0.so.0.4002.0
6707f000-671fc000 r-xp 00000000 08:05 2627180    /usr/lib/i386-linux-gnu/libgio-2.0.so.0.4002.0
671fc000-671fe000 r--p 0017d000 08:05 2627180    /usr/lib/i386-linux-gnu/libgio-2.0.so.0.4002.0
671fe000-671ff000 rw-p 0017f000 08:05 2627180    /usr/lib/i386-linux-gnu/libgio-2.0.so.0.4002.0
671ff000-67200000 rw-p 00000000 00:00 0 
67200000-67280000 rw-p 00000000 00:00 0 
67280000-67300000 ---p 00000000 00:00 0 
67302000-6733e000 r-xp 00000000 08:05 1704936    /lib/i386-linux-gnu/libpcre.so.3.13.1
6733e000-6733f000 r--p 0003b000 08:05 1704936    /lib/i386-linux-gnu/libpcre.so.3.13.1
6733f000-67340000 rw-p 0003c000 08:05 1704936    /lib/i386-linux-gnu/libpcre.so.3.13.1
67340000-67353000 r-xp 00000000 08:05 1704036    /lib/i386-linux-gnu/libresolv-2.19.so
67353000-67354000 ---p 00013000 08:05 1704036    /lib/i386-linux-gnu/libresolv-2.19.so
67354000-67355000 r--p 00013000 08:05 1704036    /lib/i386-linux-gnu/libresolv-2.19.so
67355000-67356000 rw-p 00014000 08:05 1704036    /lib/i386-linux-gnu/libresolv-2.19.so
67356000-67358000 rw-p 00000000 00:00 0 
67358000-673a8000 r-xp 00000000 08:05 2627208    /usr/lib/i386-linux-gnu/libgobject-2.0.so.0.4002.0
673a8000-673a9000 r--p 0004f000 08:05 2627208    /usr/lib/i386-linux-gnu/libgobject-2.0.so.0.4002.0
673a9000-673aa000 rw-p 00050000 08:05 2627208    /usr/lib/i386-linux-gnu/libgobject-2.0.so.0.4002.0
673aa000-673ab000 ---p 00000000 00:00 0 
673ab000-6742b000 rw-p 00000000 00:00 0          [stack:15851]
6742b000-6742e000 ---p 00000000 00:00 0 
6742e000-6747c000 rw-p 00000000 00:00 0          [stack:15850]
6747c000-6747f000 ---p 00000000 00:00 0 
6747f000-674fd000 rw-p 00000000 00:00 0          [stack:15849]
674fd000-67500000 ---p 00000000 00:00 0 
67500000-6757e000 rw-p 00000000 00:00 0          [stack:15848]
6757e000-67581000 ---p 00000000 00:00 0 
67581000-675cf000 rw-p 00000000 00:00 0          [stack:15847]
675cf000-67700000 r--p 0032d000 08:05 2630238    /usr/lib/locale/locale-archive
67700000-67900000 r--p 00000000 08:05 2630238    /usr/lib/locale/locale-archive
67900000-679ff000 rw-p 00000000 00:00 0 
679ff000-67a00000 ---p 00000000 00:00 0 
67a00000-67a2b000 rw-p 00000000 00:00 0 
67a2b000-67b00000 ---p 00000000 00:00 0 
67b00000-67c00000 rw-p 00000000 00:00 0 
67c13000-67c33000 r-xp 00000000 08:05 1705083    /lib/i386-linux-gnu/libselinux.so.1
67c33000-67c34000 r--p 0001f000 08:05 1705083    /lib/i386-linux-gnu/libselinux.so.1
67c34000-67c35000 rw-p 00020000 08:05 1705083    /lib/i386-linux-gnu/libselinux.so.1
67c35000-67c36000 rw-p 00000000 00:00 0 
67c4d000-67c4e000 ---p 00000000 00:00 0 
67c4e000-67cce000 rw-p 00000000 00:00 0          [stack:15842]
67cce000-67e80000 r--s 01d2e000 08:05 2634885    /usr/lib/jvm/java-7-openjdk-i386/jre/lib/rt.jar
67e80000-6a700000 rw-p 00000000 00:00 0 
6a700000-6a7f6000 rw-p 00000000 00:00 0 
6a7f6000-6a800000 ---p 00000000 00:00 0 
6a814000-6a82c000 r-xp 00000000 08:05 2634928    /usr/lib/jvm/java-7-openjdk-i386/jre/lib/i386/libnet.so
6a82c000-6a82d000 r--p 00017000 08:05 2634928    /usr/lib/jvm/java-7-openjdk-i386/jre/lib/i386/libnet.so
6a82d000-6a82e000 rw-p 00018000 08:05 2634928    /usr/lib/jvm/java-7-openjdk-i386/jre/lib/i386/libnet.so
6a82e000-6a831000 ---p 00000000 00:00 0 
6a831000-6a87f000 rw-p 00000000 00:00 0          [stack:15846]
6a87f000-6a880000 ---p 00000000 00:00 0 
6a880000-6a900000 rw-p 00000000 00:00 0          [stack:15838]
6a900000-6a921000 rw-p 00000000 00:00 0 
6a921000-6aa00000 ---p 00000000 00:00 0 
6aa0b000-6aa10000 r-xp 00000000 08:05 2627079    /usr/lib/i386-linux-gnu/libffi.so.6.0.1
6aa10000-6aa11000 r--p 00005000 08:05 2627079    /usr/lib/i386-linux-gnu/libffi.so.6.0.1
6aa11000-6aa12000 rw-p 00006000 08:05 2627079    /usr/lib/i386-linux-gnu/libffi.so.6.0.1
6aa2e000-6aa31000 ---p 00000000 00:00 0 
6aa31000-6aa7f000 rw-p 00000000 00:00 0          [stack:15845]
6aa7f000-6aa80000 ---p 00000000 00:00 0 
6aa80000-6ab00000 rw-p 00000000 00:00 0          [stack:15837]
6ab00000-6ab21000 rw-p 00000000 00:00 0 
6ab21000-6ac00000 ---p 00000000 00:00 0 
6ac02000-6ac13000 r-xp 00000000 08:05 2634892    /usr/lib/jvm/java-7-openjdk-i386/jre/lib/i386/libnio.so
6ac13000-6ac14000 r--p 00010000 08:05 2634892    /usr/lib/jvm/java-7-openjdk-i386/jre/lib/i386/libnio.so
6ac14000-6ac15000 rw-p 00011000 08:05 2634892    /usr/lib/jvm/java-7-openjdk-i386/jre/lib/i386/libnio.so
6ac15000-6ac24000 r--s 000df000 08:06 3539339    /home/olmo/android-sdk-linux/build-tools/23.0.2/lib/dx.jar
6ac24000-6ac7f000 rw-p 00000000 00:00 0 
6ac7f000-6ac80000 ---p 00000000 00:00 0 
6ac80000-6ad00000 rw-p 00000000 00:00 0          [stack:15836]
6ad00000-6ad30000 rw-p 00000000 00:00 0 
6ad30000-6ae00000 ---p 00000000 00:00 0 
6ae04000-6ae68000 rw-p 00000000 00:00 0 
6ae68000-6ae69000 ---p 00000000 00:00 0 
6ae69000-6aef1000 rw-p 00000000 00:00 0          [stack:15835]
6aef1000-6af29000 rw-p 00000000 00:00 0 
6af29000-6af50000 rw-p 00000000 00:00 0 
6af50000-6b07f000 rw-p 00000000 00:00 0 
6b07f000-6b087000 rw-p 00000000 00:00 0 
6b087000-6b0bf000 rw-p 00000000 00:00 0 
6b0bf000-6b0e6000 rw-p 00000000 00:00 0 
6b0e6000-6b214000 rw-p 00000000 00:00 0 
6b214000-6b297000 rw-p 00000000 00:00 0 
6b297000-6b2bf000 rw-p 00000000 00:00 0 
6b2bf000-6c2c0000 rw-p 00000000 00:00 0 
6c2c0000-732c0000 rw-p 00000000 00:00 0 
732c0000-77fc0000 rw-p 00000000 00:00 0 
77fc0000-9dd40000 rw-p 00000000 00:00 0 
9dd40000-ae1c0000 rw-p 00000000 00:00 0 
ae1c0000-b32c0000 rw-p 00000000 00:00 0 
b32c0000-b32c3000 r-xp 00000000 08:05 2627192    /usr/lib/i386-linux-gnu/libgmodule-2.0.so.0.4002.0
b32c3000-b32c4000 r--p 00002000 08:05 2627192    /usr/lib/i386-linux-gnu/libgmodule-2.0.so.0.4002.0
b32c4000-b32c5000 rw-p 00003000 08:05 2627192    /usr/lib/i386-linux-gnu/libgmodule-2.0.so.0.4002.0
b32c5000-b32c7000 r--s 00012000 08:05 2634876    /usr/lib/jvm/java-7-openjdk-i386/jre/lib/ext/zipfs.jar
b32c7000-b32cb000 r--s 00085000 08:05 2634877    /usr/lib/jvm/java-7-openjdk-i386/jre/lib/ext/localedata.jar
b32cb000-b32ce000 r--s 0000f000 08:05 2634878    /usr/lib/jvm/java-7-openjdk-i386/jre/lib/ext/icedtea-sound.jar
b32ce000-b32dc000 rw-p 00000000 00:00 0 
b32dc000-b338e000 rw-p 00000000 00:00 0 
b338e000-b36fe000 rwxp 00000000 00:00 0 
b36fe000-b638e000 rw-p 00000000 00:00 0 
b638e000-b6399000 r-xp 00000000 08:05 1704038    /lib/i386-linux-gnu/libnss_files-2.19.so
b6399000-b639a000 r--p 0000a000 08:05 1704038    /lib/i386-linux-gnu/libnss_files-2.19.so
b639a000-b639b000 rw-p 0000b000 08:05 1704038    /lib/i386-linux-gnu/libnss_files-2.19.so
b639b000-b63a5000 r-xp 00000000 08:05 1703966    /lib/i386-linux-gnu/libnss_nis-2.19.so
b63a5000-b63a6000 r--p 00009000 08:05 1703966    /lib/i386-linux-gnu/libnss_nis-2.19.so
b63a6000-b63a7000 rw-p 0000a000 08:05 1703966    /lib/i386-linux-gnu/libnss_nis-2.19.so
b63a7000-b63bc000 r-xp 00000000 08:05 1703967    /lib/i386-linux-gnu/libnsl-2.19.so
b63bc000-b63bd000 r--p 00015000 08:05 1703967    /lib/i386-linux-gnu/libnsl-2.19.so
b63bd000-b63be000 rw-p 00016000 08:05 1703967    /lib/i386-linux-gnu/libnsl-2.19.so
b63be000-b63c0000 rw-p 00000000 00:00 0 
b63c1000-b63c5000 r--s 00034000 08:05 2634879    /usr/lib/jvm/java-7-openjdk-i386/jre/lib/ext/sunjce_provider.jar
b63c5000-b63cd000 r-xp 00000000 08:05 2634896    /usr/lib/jvm/java-7-openjdk-i386/jre/lib/i386/libzip.so
b63cd000-b63ce000 r--p 00007000 08:05 2634896    /usr/lib/jvm/java-7-openjdk-i386/jre/lib/i386/libzip.so
b63ce000-b63cf000 rw-p 00008000 08:05 2634896    /usr/lib/jvm/java-7-openjdk-i386/jre/lib/i386/libzip.so
b63cf000-b63d7000 rw-s 00000000 08:05 685463     /tmp/hsperfdata_olmo/15828
b63d7000-b63fe000 r-xp 00000000 08:05 2634904    /usr/lib/jvm/java-7-openjdk-i386/jre/lib/i386/libjava.so
b63fe000-b63ff000 r--p 00026000 08:05 2634904    /usr/lib/jvm/java-7-openjdk-i386/jre/lib/i386/libjava.so
b63ff000-b6400000 rw-p 00027000 08:05 2634904    /usr/lib/jvm/java-7-openjdk-i386/jre/lib/i386/libjava.so
b6400000-b6500000 rw-p 00000000 00:00 0 
b6500000-b6504000 r--s 0003c000 08:05 2634880    /usr/lib/jvm/java-7-openjdk-i386/jre/lib/ext/sunpkcs11.jar
b6504000-b650b000 r-xp 00000000 08:05 1704030    /lib/i386-linux-gnu/libnss_compat-2.19.so
b650b000-b650c000 r--p 00006000 08:05 1704030    /lib/i386-linux-gnu/libnss_compat-2.19.so
b650c000-b650d000 rw-p 00007000 08:05 1704030    /lib/i386-linux-gnu/libnss_compat-2.19.so
b650d000-b6514000 r-xp 00000000 08:05 1704039    /lib/i386-linux-gnu/librt-2.19.so
b6514000-b6515000 r--p 00006000 08:05 1704039    /lib/i386-linux-gnu/librt-2.19.so
b6515000-b6516000 rw-p 00007000 08:05 1704039    /lib/i386-linux-gnu/librt-2.19.so
b6516000-b6519000 ---p 00000000 00:00 0 
b6519000-b6567000 rw-p 00000000 00:00 0          [stack:15832]
b6567000-b6583000 r-xp 00000000 08:05 1704980    /lib/i386-linux-gnu/libgcc_s.so.1
b6583000-b6584000 rw-p 0001b000 08:05 1704980    /lib/i386-linux-gnu/libgcc_s.so.1
b6584000-b65c8000 r-xp 00000000 08:05 1704029    /lib/i386-linux-gnu/libm-2.19.so
b65c8000-b65c9000 r--p 00043000 08:05 1704029    /lib/i386-linux-gnu/libm-2.19.so
b65c9000-b65ca000 rw-p 00044000 08:05 1704029    /lib/i386-linux-gnu/libm-2.19.so
b65ca000-b66a6000 r-xp 00000000 08:05 2627701    /usr/lib/i386-linux-gnu/libstdc++.so.6.0.19
b66a6000-b66a7000 ---p 000dc000 08:05 2627701    /usr/lib/i386-linux-gnu/libstdc++.so.6.0.19
b66a7000-b66ab000 r--p 000dc000 08:05 2627701    /usr/lib/i386-linux-gnu/libstdc++.so.6.0.19
b66ab000-b66ac000 rw-p 000e0000 08:05 2627701    /usr/lib/i386-linux-gnu/libstdc++.so.6.0.19
b66ac000-b66b3000 rw-p 00000000 00:00 0 
b66b3000-b70a7000 r-xp 00000000 08:05 2634914    /usr/lib/jvm/java-7-openjdk-i386/jre/lib/i386/server/libjvm.so
b70a7000-b70a8000 ---p 009f4000 08:05 2634914    /usr/lib/jvm/java-7-openjdk-i386/jre/lib/i386/server/libjvm.so
b70a8000-b70fa000 r--p 009f4000 08:05 2634914    /usr/lib/jvm/java-7-openjdk-i386/jre/lib/i386/server/libjvm.so
b70fa000-b710e000 rw-p 00a46000 08:05 2634914    /usr/lib/jvm/java-7-openjdk-i386/jre/lib/i386/server/libjvm.so
b710e000-b752c000 rw-p 00000000 00:00 0 
b752c000-b7544000 r-xp 00000000 08:05 1705116    /lib/i386-linux-gnu/libz.so.1.2.8
b7544000-b7545000 r--p 00017000 08:05 1705116    /lib/i386-linux-gnu/libz.so.1.2.8
b7545000-b7546000 rw-p 00018000 08:05 1705116    /lib/i386-linux-gnu/libz.so.1.2.8
b7546000-b755e000 r-xp 00000000 08:05 1704034    /lib/i386-linux-gnu/libpthread-2.19.so
b755e000-b755f000 r--p 00018000 08:05 1704034    /lib/i386-linux-gnu/libpthread-2.19.so
b755f000-b7560000 rw-p 00019000 08:05 1704034    /lib/i386-linux-gnu/libpthread-2.19.so
b7560000-b7562000 rw-p 00000000 00:00 0 
b7562000-b7565000 r-xp 00000000 08:05 1703956    /lib/i386-linux-gnu/libdl-2.19.so
b7565000-b7566000 r--p 00002000 08:05 1703956    /lib/i386-linux-gnu/libdl-2.19.so
b7566000-b7567000 rw-p 00003000 08:05 1703956    /lib/i386-linux-gnu/libdl-2.19.so
b7567000-b770f000 r-xp 00000000 08:05 1703952    /lib/i386-linux-gnu/libc-2.19.so
b770f000-b7711000 r--p 001a8000 08:05 1703952    /lib/i386-linux-gnu/libc-2.19.so
b7711000-b7712000 rw-p 001aa000 08:05 1703952    /lib/i386-linux-gnu/libc-2.19.so
b7712000-b7716000 rw-p 00000000 00:00 0 
b7716000-b7717000 r--s 00002000 08:05 2634881    /usr/lib/jvm/java-7-openjdk-i386/jre/lib/ext/dnsns.jar
b7717000-b7719000 r--s 00006000 08:05 3027041    /usr/share/java/java-atk-wrapper.jar
b7719000-b771a000 r--p 00596000 08:05 2630238    /usr/lib/locale/locale-archive
b771a000-b771b000 rw-p 00000000 00:00 0 
b771b000-b771c000 r--p 00000000 00:00 0 
b771c000-b772a000 r-xp 00000000 08:05 2634923    /usr/lib/jvm/java-7-openjdk-i386/jre/lib/i386/libverify.so
b772a000-b772b000 r--p 0000d000 08:05 2634923    /usr/lib/jvm/java-7-openjdk-i386/jre/lib/i386/libverify.so
b772b000-b772c000 rw-p 0000e000 08:05 2634923    /usr/lib/jvm/java-7-openjdk-i386/jre/lib/i386/libverify.so
b772c000-b7738000 r-xp 00000000 08:05 2634925    /usr/lib/jvm/java-7-openjdk-i386/jre/lib/i386/jli/libjli.so
b7738000-b7739000 r--p 0000c000 08:05 2634925    /usr/lib/jvm/java-7-openjdk-i386/jre/lib/i386/jli/libjli.so
b7739000-b773a000 rw-p 0000d000 08:05 2634925    /usr/lib/jvm/java-7-openjdk-i386/jre/lib/i386/jli/libjli.so
b773a000-b773d000 rw-p 00000000 00:00 0 
b773d000-b773e000 r-xp 00000000 00:00 0          [vdso]
b773e000-b7740000 r--p 00000000 00:00 0          [vvar]
b7740000-b7760000 r-xp 00000000 08:05 1703962    /lib/i386-linux-gnu/ld-2.19.so
b7760000-b7761000 r--p 0001f000 08:05 1703962    /lib/i386-linux-gnu/ld-2.19.so
b7761000-b7762000 rw-p 00020000 08:05 1703962    /lib/i386-linux-gnu/ld-2.19.so
bfcab000-bfcac000 rwxp 00000000 00:00 0 
bfcde000-bfcff000 rw-p 00000000 00:00 0          [stack]

VM Arguments:
jvm_args: -Djava.awt.headless=true -Xmx1024M -Dfile.encoding=UTF-8 -Duser.country=ES -Duser.language=es -Duser.variant 
java_command: com.android.dx.command.Main --dex --num-threads=4 --output /home/olmo/projects/Android/PdfViewPager/sample/build/intermediates/pre-dexed/androidTest/debug/mockito-core-1.10.19_bef5f9bccc4be1129f13a5d5e0d34cced7fa2b8f.jar /home/olmo/.gradle/caches/modules-2/files-2.1/org.mockito/mockito-core/1.10.19/e8546f5bef4e061d8dd73895b4e8f40e3fe6effe/mockito-core-1.10.19.jar
Launcher Type: SUN_STANDARD

Environment Variables:
PATH=/usr/local/sbin:/usr/local/bin:/usr/sbin:/usr/bin:/sbin:/bin:/usr/games:/usr/local/games:/home/olmo/projects/php/utils
LD_LIBRARY_PATH=.:
SHELL=/bin/bash
DISPLAY=:0

Signal Handlers:
SIGSEGV: [libjvm.so+0x811920], sa_mask[0]=0x7ffbfeff, sa_flags=0x10000004
SIGBUS: [libjvm.so+0x811920], sa_mask[0]=0x7ffbfeff, sa_flags=0x10000004
SIGFPE: [libjvm.so+0x688d70], sa_mask[0]=0x7ffbfeff, sa_flags=0x10000004
SIGPIPE: [libjvm.so+0x688d70], sa_mask[0]=0x7ffbfeff, sa_flags=0x10000004
SIGXFSZ: [libjvm.so+0x688d70], sa_mask[0]=0x7ffbfeff, sa_flags=0x10000004
SIGILL: [libjvm.so+0x688d70], sa_mask[0]=0x7ffbfeff, sa_flags=0x10000004
SIGUSR1: SIG_DFL, sa_mask[0]=0x00000000, sa_flags=0x00000000
SIGUSR2: [libjvm.so+0x688c00], sa_mask[0]=0x00000004, sa_flags=0x10000004
SIGHUP: [libjvm.so+0x688e30], sa_mask[0]=0x7ffbfeff, sa_flags=0x10000004
SIGINT: [libjvm.so+0x688e30], sa_mask[0]=0x7ffbfeff, sa_flags=0x10000004
SIGTERM: [libjvm.so+0x688e30], sa_mask[0]=0x7ffbfeff, sa_flags=0x10000004
SIGQUIT: [libjvm.so+0x688e30], sa_mask[0]=0x7ffbfeff, sa_flags=0x10000004
SIGTRAP: SIG_DFL, sa_mask[0]=0x00000000, sa_flags=0x00000000


---------------  S Y S T E M  ---------------

OS:Ubuntu 14.04 (trusty)
uname:Linux 3.16.0-57-generic #77~14.04.1-Ubuntu SMP Thu Dec 17 23:20:32 UTC 2015 i686
libc:glibc 2.19 NPTL 2.19 
rlimit: STACK 8192k, CORE 0k, NPROC 48094, NOFILE 4096, AS infinity
load average:9,45 3,26 1,68

/proc/meminfo:
MemTotal:        6175668 kB
MemFree:          826880 kB
MemAvailable:    1935024 kB
Buffers:          199772 kB
Cached:          1524340 kB
SwapCached:        12892 kB
Active:          3957052 kB
Inactive:        1145820 kB
Active(anon):    3180972 kB
Inactive(anon):   645136 kB
Active(file):     776080 kB
Inactive(file):   500684 kB
Unevictable:         168 kB
Mlocked:             168 kB
HighTotal:       5329156 kB
HighFree:         601344 kB
LowTotal:         846512 kB
LowFree:          225536 kB
SwapTotal:       2046972 kB
SwapFree:        1851952 kB
Dirty:              1832 kB
Writeback:             0 kB
AnonPages:       3368324 kB
Mapped:           425996 kB
Shmem:            447340 kB
Slab:             167208 kB
SReclaimable:     140104 kB
SUnreclaim:        27104 kB
KernelStack:        5208 kB
PageTables:        20484 kB
NFS_Unstable:          0 kB
Bounce:                0 kB
WritebackTmp:          0 kB
CommitLimit:     5134804 kB
Committed_AS:    8250344 kB
VmallocTotal:     122880 kB
VmallocUsed:       30988 kB
VmallocChunk:      85744 kB
AnonHugePages:   2349056 kB
HugePages_Total:       0
HugePages_Free:        0
HugePages_Rsvd:        0
HugePages_Surp:        0
Hugepagesize:       2048 kB
DirectMap4k:       32760 kB
DirectMap2M:      876544 kB


CPU:total 4 (2 cores per cpu, 2 threads per core) family 6 model 42 stepping 7, cmov, cx8, fxsr, mmx, sse, sse2, sse3, ssse3, sse4.1, sse4.2, popcnt, avx, aes, ht, tsc, tscinvbit

/proc/cpuinfo:
processor	: 0
vendor_id	: GenuineIntel
cpu family	: 6
model		: 42
model name	: Intel(R) Core(TM) i5-2430M CPU @ 2.40GHz
stepping	: 7
microcode	: 0x1a
cpu MHz		: 2800.031
cache size	: 3072 KB
physical id	: 0
siblings	: 4
core id		: 0
cpu cores	: 2
apicid		: 0
initial apicid	: 0
fdiv_bug	: no
f00f_bug	: no
coma_bug	: no
fpu		: yes
fpu_exception	: yes
cpuid level	: 13
wp		: yes
flags		: fpu vme de pse tsc msr pae mce cx8 apic sep mtrr pge mca cmov pat pse36 clflush dts acpi mmx fxsr sse sse2 ss ht tm pbe nx rdtscp lm constant_tsc arch_perfmon pebs bts xtopology nonstop_tsc aperfmperf eagerfpu pni pclmulqdq dtes64 monitor ds_cpl vmx est tm2 ssse3 cx16 xtpr pdcm pcid sse4_1 sse4_2 x2apic popcnt tsc_deadline_timer aes xsave avx lahf_lm ida arat epb xsaveopt pln pts dtherm tpr_shadow vnmi flexpriority ept vpid
bogomips	: 4789.13
clflush size	: 64
cache_alignment	: 64
address sizes	: 36 bits physical, 48 bits virtual
power management:

processor	: 1
vendor_id	: GenuineIntel
cpu family	: 6
model		: 42
model name	: Intel(R) Core(TM) i5-2430M CPU @ 2.40GHz
stepping	: 7
microcode	: 0x1a
cpu MHz		: 2800.031
cache size	: 3072 KB
physical id	: 0
siblings	: 4
core id		: 0
cpu cores	: 2
apicid		: 1
initial apicid	: 1
fdiv_bug	: no
f00f_bug	: no
coma_bug	: no
fpu		: yes
fpu_exception	: yes
cpuid level	: 13
wp		: yes
flags		: fpu vme de pse tsc msr pae mce cx8 apic sep mtrr pge mca cmov pat pse36 clflush dts acpi mmx fxsr sse sse2 ss ht tm pbe nx rdtscp lm constant_tsc arch_perfmon pebs bts xtopology nonstop_tsc aperfmperf eagerfpu pni pclmulqdq dtes64 monitor ds_cpl vmx est tm2 ssse3 cx16 xtpr pdcm pcid sse4_1 sse4_2 x2apic popcnt tsc_deadline_timer aes xsave avx lahf_lm ida arat epb xsaveopt pln pts dtherm tpr_shadow vnmi flexpriority ept vpid
bogomips	: 4789.13
clflush size	: 64
cache_alignment	: 64
address sizes	: 36 bits physical, 48 bits virtual
power management:

processor	: 2
vendor_id	: GenuineIntel
cpu family	: 6
model		: 42
model name	: Intel(R) Core(TM) i5-2430M CPU @ 2.40GHz
stepping	: 7
microcode	: 0x1a
cpu MHz		: 2800.031
cache size	: 3072 KB
physical id	: 0
siblings	: 4
core id		: 1
cpu cores	: 2
apicid		: 2
initial apicid	: 2
fdiv_bug	: no
f00f_bug	: no
coma_bug	: no
fpu		: yes
fpu_exception	: yes
cpuid level	: 13
wp		: yes
flags		: fpu vme de pse tsc msr pae mce cx8 apic sep mtrr pge mca cmov pat pse36 clflush dts acpi mmx fxsr sse sse2 ss ht tm pbe nx rdtscp lm constant_tsc arch_perfmon pebs bts xtopology nonstop_tsc aperfmperf eagerfpu pni pclmulqdq dtes64 monitor ds_cpl vmx est tm2 ssse3 cx16 xtpr pdcm pcid sse4_1 sse4_2 x2apic popcnt tsc_deadline_timer aes xsave avx lahf_lm ida arat epb xsaveopt pln pts dtherm tpr_shadow vnmi flexpriority ept vpid
bogomips	: 4789.13
clflush size	: 64
cache_alignment	: 64
address sizes	: 36 bits physical, 48 bits virtual
power management:

processor	: 3
vendor_id	: GenuineIntel
cpu family	: 6
model		: 42
model name	: Intel(R) Core(TM) i5-2430M CPU @ 2.40GHz
stepping	: 7
microcode	: 0x1a
cpu MHz		: 2800.031
cache size	: 3072 KB
physical id	: 0
siblings	: 4
core id		: 1
cpu cores	: 2
apicid		: 3
initial apicid	: 3
fdiv_bug	: no
f00f_bug	: no
coma_bug	: no
fpu		: yes
fpu_exception	: yes
cpuid level	: 13
wp		: yes
flags		: fpu vme de pse tsc msr pae mce cx8 apic sep mtrr pge mca cmov pat pse36 clflush dts acpi mmx fxsr sse sse2 ss ht tm pbe nx rdtscp lm constant_tsc arch_perfmon pebs bts xtopology nonstop_tsc aperfmperf eagerfpu pni pclmulqdq dtes64 monitor ds_cpl vmx est tm2 ssse3 cx16 xtpr pdcm pcid sse4_1 sse4_2 x2apic popcnt tsc_deadline_timer aes xsave avx lahf_lm ida arat epb xsaveopt pln pts dtherm tpr_shadow vnmi flexpriority ept vpid
bogomips	: 4789.13
clflush size	: 64
cache_alignment	: 64
address sizes	: 36 bits physical, 48 bits virtual
power management:



Memory: 4k page, physical 6175668k(826880k free), swap 2046972k(1851952k free)

vm_info: OpenJDK Server VM (24.91-b01) for linux-x86 JRE (1.7.0_91-b02), built on Nov 19 2015 06:19:32 by "buildd" with gcc 4.8.2

time: Thu May 26 15:19:23 2016
elapsed time: 28 seconds

